<?xml version="1.0" encoding="UTF-8"?>
<testsuite xmlns:xsi="http://www.w3.org/2001/XMLSchema-instance" xsi:noNamespaceSchemaLocation="https://maven.apache.org/surefire/maven-surefire-plugin/xsd/surefire-test-report.xsd" name="com.pivotal.pcf.mysqlweb.dao.generic.GenericDAOImplTests" time="10.404" tests="1" errors="0" skipped="0" failures="0">
  <properties>
[...]
</properties>
  <testcase name="testCreateAndQueryTable" classname="com.pivotal.pcf.mysqlweb.dao.generic.GenericDAOImplTests" time="0.092"/>
</testsuite>